2024-11-14 23:35:32,873 main DEBUG [io.netty.util.internal.logging.InternalLoggerFactory:useSlf4JLoggerFactory:63] - Using SLF4J as the default logging framework
2024-11-14 23:35:32,875 main DEBUG [io.netty.channel.MultithreadEventLoopGroup:<clinit>:44] - -Dio.netty.eventLoopThreads: 48
2024-11-14 23:35:32,881 main DEBUG [io.netty.util.concurrent.GlobalEventExecutor:<clinit>:53] - -Dio.netty.globalEventExecutor.quietPeriodSeconds: 1
2024-11-14 23:35:32,886 main DEBUG [io.netty.util.internal.InternalThreadLocalMap:<clinit>:100] - -Dio.netty.threadLocalMap.stringBuilder.initialSize: 1024
2024-11-14 23:35:32,886 main DEBUG [io.netty.util.internal.InternalThreadLocalMap:<clinit>:101] - -Dio.netty.threadLocalMap.stringBuilder.maxSize: 4096
2024-11-14 23:35:32,899 main DEBUG [io.netty.util.internal.PlatformDependent0:explicitNoUnsafeCause0:554] - -Dio.netty.noUnsafe: false
2024-11-14 23:35:32,899 main DEBUG [io.netty.util.internal.PlatformDependent0:javaVersion0:1072] - Java version: 17
2024-11-14 23:35:32,900 main DEBUG [io.netty.util.internal.PlatformDependent0:<clinit>:140] - sun.misc.Unsafe.theUnsafe: available
2024-11-14 23:35:32,901 main DEBUG [io.netty.util.internal.PlatformDependent0:<clinit>:203] - sun.misc.Unsafe base methods: all available
2024-11-14 23:35:32,901 main DEBUG [io.netty.util.internal.PlatformDependent0:<clinit>:235] - sun.misc.Unsafe.storeFence: available
2024-11-14 23:35:32,901 main DEBUG [io.netty.util.internal.PlatformDependent0:<clinit>:278] - java.nio.Buffer.address: available
2024-11-14 23:35:32,902 main DEBUG [io.netty.util.internal.PlatformDependent0:<clinit>:364] - direct buffer constructor: unavailable: Reflective setAccessible(true) disabled
2024-11-14 23:35:32,902 main DEBUG [io.netty.util.internal.PlatformDependent0:<clinit>:442] - java.nio.Bits.unaligned: available, true
2024-11-14 23:35:32,903 main DEBUG [io.netty.util.internal.PlatformDependent0:<clinit>:510] - jdk.internal.misc.Unsafe.allocateUninitializedArray(int): unavailable: class io.netty.util.internal.PlatformDependent0$7 cannot access class jdk.internal.misc.Unsafe (in module java.base) because module java.base does not export jdk.internal.misc to unnamed module @6a463b3d
2024-11-14 23:35:32,903 main DEBUG [io.netty.util.internal.PlatformDependent0:<clinit>:540] - java.nio.DirectByteBuffer.<init>(long, {int,long}): unavailable
2024-11-14 23:35:32,904 main DEBUG [io.netty.util.internal.PlatformDependent:unsafeUnavailabilityCause0:1186] - sun.misc.Unsafe: available
2024-11-14 23:35:32,904 main DEBUG [io.netty.util.internal.PlatformDependent:tmpdir0:1332] - -Dio.netty.tmpdir: /tmp (java.io.tmpdir)
2024-11-14 23:35:32,904 main DEBUG [io.netty.util.internal.PlatformDependent:bitMode0:1411] - -Dio.netty.bitMode: 64 (sun.arch.data.model)
2024-11-14 23:35:32,905 main DEBUG [io.netty.util.internal.PlatformDependent:<clinit>:178] - -Dio.netty.maxDirectMemory: -1 bytes
2024-11-14 23:35:32,906 main DEBUG [io.netty.util.internal.PlatformDependent:<clinit>:185] - -Dio.netty.uninitializedArrayAllocationThreshold: -1
2024-11-14 23:35:32,906 main DEBUG [io.netty.util.internal.CleanerJava9:<clinit>:71] - java.nio.ByteBuffer.cleaner(): available
2024-11-14 23:35:32,906 main DEBUG [io.netty.util.internal.PlatformDependent:<clinit>:205] - -Dio.netty.noPreferDirect: false
2024-11-14 23:35:32,907 main DEBUG [io.netty.channel.nio.NioEventLoop:<clinit>:110] - -Dio.netty.noKeySetOptimization: false
2024-11-14 23:35:32,907 main DEBUG [io.netty.channel.nio.NioEventLoop:<clinit>:111] - -Dio.netty.selectorAutoRebuildThreshold: 512
2024-11-14 23:35:32,911 main DEBUG [io.netty.util.internal.PlatformDependent:<clinit>:1029] - org.jctools-core.MpscChunkedArrayQueue: available
2024-11-14 23:35:32,932 main DEBUG [io.netty.channel.DefaultChannelId:<clinit>:84] - -Dio.netty.processId: 60420 (auto-detected)
2024-11-14 23:35:32,934 main DEBUG [io.netty.util.NetUtil:<clinit>:148] - -Djava.net.preferIPv4Stack: false
2024-11-14 23:35:32,935 main DEBUG [io.netty.util.NetUtil:<clinit>:149] - -Djava.net.preferIPv6Addresses: false
2024-11-14 23:35:32,936 main DEBUG [io.netty.util.NetUtilInitializations:determineLoopback:145] - Loopback interface: lo (lo, 0:0:0:0:0:0:0:1%lo)
2024-11-14 23:35:32,936 main DEBUG [io.netty.util.NetUtil:run:196] - /proc/sys/net/core/somaxconn: 4096
2024-11-14 23:35:32,937 main DEBUG [io.netty.channel.DefaultChannelId:<clinit>:106] - -Dio.netty.machineId: dc:46:28:ff:fe:4e:d8:d8 (auto-detected)
2024-11-14 23:35:32,942 main DEBUG [io.netty.util.ResourceLeakDetector:<clinit>:129] - -Dio.netty.leakDetection.level: simple
2024-11-14 23:35:32,943 main DEBUG [io.netty.util.ResourceLeakDetector:<clinit>:130] - -Dio.netty.leakDetection.targetRecords: 4
2024-11-14 23:35:32,952 main DEBUG [io.netty.buffer.PooledByteBufAllocator:<clinit>:161] - -Dio.netty.allocator.numHeapArenas: 48
2024-11-14 23:35:32,953 main DEBUG [io.netty.buffer.PooledByteBufAllocator:<clinit>:162] - -Dio.netty.allocator.numDirectArenas: 48
2024-11-14 23:35:32,953 main DEBUG [io.netty.buffer.PooledByteBufAllocator:<clinit>:164] - -Dio.netty.allocator.pageSize: 8192
2024-11-14 23:35:32,953 main DEBUG [io.netty.buffer.PooledByteBufAllocator:<clinit>:169] - -Dio.netty.allocator.maxOrder: 9
2024-11-14 23:35:32,953 main DEBUG [io.netty.buffer.PooledByteBufAllocator:<clinit>:173] - -Dio.netty.allocator.chunkSize: 4194304
2024-11-14 23:35:32,953 main DEBUG [io.netty.buffer.PooledByteBufAllocator:<clinit>:174] - -Dio.netty.allocator.smallCacheSize: 256
2024-11-14 23:35:32,953 main DEBUG [io.netty.buffer.PooledByteBufAllocator:<clinit>:175] - -Dio.netty.allocator.normalCacheSize: 64
2024-11-14 23:35:32,953 main DEBUG [io.netty.buffer.PooledByteBufAllocator:<clinit>:176] - -Dio.netty.allocator.maxCachedBufferCapacity: 32768
2024-11-14 23:35:32,953 main DEBUG [io.netty.buffer.PooledByteBufAllocator:<clinit>:177] - -Dio.netty.allocator.cacheTrimInterval: 8192
2024-11-14 23:35:32,953 main DEBUG [io.netty.buffer.PooledByteBufAllocator:<clinit>:178] - -Dio.netty.allocator.cacheTrimIntervalMillis: 0
2024-11-14 23:35:32,953 main DEBUG [io.netty.buffer.PooledByteBufAllocator:<clinit>:179] - -Dio.netty.allocator.useCacheForAllThreads: false
2024-11-14 23:35:32,953 main DEBUG [io.netty.buffer.PooledByteBufAllocator:<clinit>:180] - -Dio.netty.allocator.maxCachedByteBuffersPerChunk: 1023
2024-11-14 23:35:32,953 main DEBUG [io.netty.buffer.PooledByteBufAllocator:<clinit>:182] - -Dio.netty.allocator.disableCacheFinalizersForFastThreadLocalThreads: false
2024-11-14 23:35:32,958 main DEBUG [io.netty.buffer.ByteBufUtil:<clinit>:89] - -Dio.netty.allocator.type: pooled
2024-11-14 23:35:32,958 main DEBUG [io.netty.buffer.ByteBufUtil:<clinit>:101] - -Dio.netty.threadLocalDirectBufferSize: 0
2024-11-14 23:35:32,958 main DEBUG [io.netty.buffer.ByteBufUtil:<clinit>:104] - -Dio.netty.maxThreadLocalCharBufferSize: 16384
2024-11-14 23:35:32,959 main DEBUG [io.netty.bootstrap.ChannelInitializerExtensions:getExtensions:54] - -Dio.netty.bootstrap.extensions: null
2024-11-14 23:35:32,968 nioEventLoopGroup-2-1  INFO [io.netty.handler.logging.LoggingHandler:log:148] - [id: 0x61147d41] REGISTERED
2024-11-14 23:35:32,969 nioEventLoopGroup-2-1  INFO [io.netty.handler.logging.LoggingHandler:log:148] - [id: 0x61147d41] BIND: 0.0.0.0/0.0.0.0:8000
2024-11-14 23:35:32,970 nioEventLoopGroup-2-1  INFO [io.netty.handler.logging.LoggingHandler:log:148] - [id: 0x61147d41, L:/[0:0:0:0:0:0:0:0]:8000] ACTIVE
